java.lang.RuntimeException: generate oucur error,templateFile is:java\${basepackage_dir}\service\impl\${className}ManagerImpl.java => E:\happy\src\main\java\com\mam\service\impl\TuserManagerImpl.java cause:freemarker.core.ParseException: Token manager error: freemarker.core.TokenMgrError: Unknown directive: #include on line: 12, column: 11, in template: java\${basepackage_dir}\service\impl\${className}ManagerImpl.java in java\${basepackage_dir}\service\impl\${className}ManagerImpl.java
	at cn.org.rapid_framework.generator.Generator$TemplateProcessor.executeGenerate(Generator.java:352)
	at cn.org.rapid_framework.generator.Generator$TemplateProcessor.access$100(Generator.java:308)
	at cn.org.rapid_framework.generator.Generator.scanTemplatesAndProcess(Generator.java:288)
	at cn.org.rapid_framework.generator.Generator.processTemplateRootDirs(Generator.java:216)
	at cn.org.rapid_framework.generator.Generator.generateBy(Generator.java:179)
	at cn.org.rapid_framework.generator.GeneratorFacade$ProcessUtils.processByTable(GeneratorFacade.java:275)
	at cn.org.rapid_framework.generator.GeneratorFacade$ProcessUtils.processByTable(GeneratorFacade.java:243)
	at cn.org.rapid_framework.generator.GeneratorFacade.generateByTable(GeneratorFacade.java:122)
	at CodeGenerator.main(CodeGenerator.java:18)
	at sun.reflect.NativeMethodAccessorImpl.invoke0(Native Method)
	at sun.reflect.NativeMethodAccessorImpl.invoke(NativeMethodAccessorImpl.java:62)
	at sun.reflect.DelegatingMethodAccessorImpl.invoke(DelegatingMethodAccessorImpl.java:43)
	at java.lang.reflect.Method.invoke(Method.java:498)
	at com.intellij.rt.execution.application.AppMain.main(AppMain.java:147)
Caused by: freemarker.core.ParseException: Token manager error: freemarker.core.TokenMgrError: Unknown directive: #include on line: 12, column: 11, in template: java\${basepackage_dir}\service\impl\${className}ManagerImpl.java in java\${basepackage_dir}\service\impl\${className}ManagerImpl.java
	at freemarker.template.Template.<init>(Template.java:152)
	at freemarker.cache.TemplateCache.loadTemplate(TemplateCache.java:448)
	at freemarker.cache.TemplateCache.getTemplate(TemplateCache.java:361)
	at freemarker.cache.TemplateCache.getTemplate(TemplateCache.java:235)
	at freemarker.template.Configuration.getTemplate(Configuration.java:487)
	at freemarker.template.Configuration.getTemplate(Configuration.java:452)
	at cn.org.rapid_framework.generator.Generator$TemplateProcessor.getFreeMarkerTemplate(Generator.java:430)
	at cn.org.rapid_framework.generator.Generator$TemplateProcessor.processTemplateForGeneratorControl(Generator.java:387)
	at cn.org.rapid_framework.generator.Generator$TemplateProcessor.executeGenerate(Generator.java:340)
	... 13 more
